
2018-07-18 16:47:39 [scrapy.utils.log] INFO: Scrapy 1.5.0 started (bot: images360)
2018-07-18 16:47:39 [scrapy.utils.log] INFO: Versions: lxml 4.1.1.0, libxml2 2.9.4, cssselect 1.0.3, parsel 1.3.1, w3lib 1.18.0, Twisted 17.9.0, Python 3.6.4 |Anaconda, Inc.| (default, Dec 21 2017, 21:42:08) - [GCC 7.2.0], pyOpenSSL 17.5.0 (OpenSSL 1.0.2n  7 Dec 2017), cryptography 2.1.4, Platform Linux-4.10.0-38-generic-x86_64-with-debian-stretch-sid
2018-07-18 16:47:39 [scrapy.crawler] INFO: Overridden settings: {'BOT_NAME': 'images360', 'COOKIES_ENABLED': False, 'DOWNLOAD_DELAY': 5, 'LOG_FILE': 'myspider.log', 'LOG_STDOUT': True, 'NEWSPIDER_MODULE': 'images360.spiders', 'SPIDER_MODULES': ['images360.spiders']}
2018-07-18 16:47:39 [scrapy.middleware] INFO: Enabled extensions:
['scrapy.extensions.corestats.CoreStats',
 'scrapy.extensions.telnet.TelnetConsole',
 'scrapy.extensions.memusage.MemoryUsage',
 'scrapy.extensions.logstats.LogStats']
2018-07-18 16:47:39 [scrapy.middleware] INFO: Enabled downloader middlewares:
['scrapy.downloadermiddlewares.httpauth.HttpAuthMiddleware',
 'scrapy.downloadermiddlewares.downloadtimeout.DownloadTimeoutMiddleware',
 'scrapy.downloadermiddlewares.defaultheaders.DefaultHeadersMiddleware',
 'scrapy.downloadermiddlewares.useragent.UserAgentMiddleware',
 'scrapy.downloadermiddlewares.retry.RetryMiddleware',
 'scrapy.downloadermiddlewares.redirect.MetaRefreshMiddleware',
 'scrapy.downloadermiddlewares.httpcompression.HttpCompressionMiddleware',
 'scrapy.downloadermiddlewares.redirect.RedirectMiddleware',
 'scrapy.downloadermiddlewares.httpproxy.HttpProxyMiddleware',
 'scrapy.downloadermiddlewares.stats.DownloaderStats']
2018-07-18 16:47:39 [scrapy.middleware] INFO: Enabled spider middlewares:
['scrapy.spidermiddlewares.httperror.HttpErrorMiddleware',
 'scrapy.spidermiddlewares.offsite.OffsiteMiddleware',
 'scrapy.spidermiddlewares.referer.RefererMiddleware',
 'scrapy.spidermiddlewares.urllength.UrlLengthMiddleware',
 'scrapy.spidermiddlewares.depth.DepthMiddleware']
2018-07-18 16:47:39 [scrapy.middleware] INFO: Enabled item pipelines:
['images360.pipelines.Images360SavePipeline']
2018-07-18 16:47:39 [scrapy.core.engine] INFO: Spider opened
2018-07-18 16:47:39 [scrapy.extensions.logstats] INFO: Crawled 0 pages (at 0 pages/min), scraped 0 items (at 0 items/min)
2018-07-18 16:47:40 [scrapy.extensions.telnet] DEBUG: Telnet console listening on 127.0.0.1:6023
2018-07-18 16:47:40 [scrapy.core.engine] DEBUG: Crawled (200) <GET http://image.so.com/zj?ch=beauty&listtype=new&temp=1&sn=30> (referer: None)
2018-07-18 16:47:40 [stdout] INFO: 正在爬取
2018-07-18 16:47:40 [stdout] INFO: http://image.so.com/zj?ch=beauty&listtype=new&temp=1&sn=30
2018-07-18 16:47:40 [stdout] INFO: 运行到了。。。
2018-07-18 16:47:40 [stdout] INFO: 运行到了。。。
2018-07-18 16:47:40 [stdout] INFO: 运行到了。。。
2018-07-18 16:47:40 [stdout] INFO: 运行到了。。。
2018-07-18 16:47:40 [stdout] INFO: 运行到了。。。
2018-07-18 16:47:40 [stdout] INFO: 运行到了。。。
2018-07-18 16:47:40 [stdout] INFO: 运行到了。。。
2018-07-18 16:47:40 [stdout] INFO: 运行到了。。。
2018-07-18 16:47:40 [stdout] INFO: 运行到了。。。
2018-07-18 16:47:40 [stdout] INFO: 运行到了。。。
2018-07-18 16:47:40 [stdout] INFO: 运行到了。。。
2018-07-18 16:47:40 [stdout] INFO: 运行到了。。。
2018-07-18 16:47:40 [stdout] INFO: 运行到了。。。
2018-07-18 16:47:40 [stdout] INFO: 运行到了。。。
2018-07-18 16:47:40 [stdout] INFO: 运行到了。。。
2018-07-18 16:47:40 [stdout] INFO: 运行到了。。。
2018-07-18 16:47:40 [stdout] INFO: 运行到了。。。
2018-07-18 16:47:40 [stdout] INFO: 运行到了。。。
2018-07-18 16:47:40 [stdout] INFO: 运行到了。。。
2018-07-18 16:47:40 [stdout] INFO: 运行到了。。。
2018-07-18 16:47:40 [stdout] INFO: 运行到了。。。
2018-07-18 16:47:40 [stdout] INFO: 运行到了。。。
2018-07-18 16:47:40 [stdout] INFO: 运行到了。。。
2018-07-18 16:47:40 [stdout] INFO: 运行到了。。。
2018-07-18 16:47:40 [stdout] INFO: 运行到了。。。
2018-07-18 16:47:40 [stdout] INFO: 运行到了。。。
2018-07-18 16:47:40 [stdout] INFO: 运行到了。。。
2018-07-18 16:47:40 [stdout] INFO: 运行到了。。。
2018-07-18 16:47:40 [stdout] INFO: 运行到了。。。
2018-07-18 16:47:40 [stdout] INFO: 运行到了。。。
2018-07-18 16:47:41 [scrapy.core.engine] DEBUG: Crawled (200) <GET http://p1.so.qhmsg.com/t0143850ac615187626.jpg> (referer: None)
2018-07-18 16:47:41 [scrapy.pipelines.files] DEBUG: File (downloaded): Downloaded file from <GET http://p1.so.qhmsg.com/t0143850ac615187626.jpg> referred in <None>
2018-07-18 16:47:41 [scrapy.core.scraper] DEBUG: Scraped from <200 http://image.so.com/zj?ch=beauty&listtype=new&temp=1&sn=30>
{'id': 'b0430976a27d6ad5d68e5fbf28dbb39d',
 'img_paths': '/soft/demo/images360/images//森系少女户外唯美写真清新迷人.jpg',
 'thumb': 'http://p1.so.qhmsg.com/sdr/238__/t0143850ac615187626.jpg',
 'title': '森系少女户外唯美写真清新迷人',
 'url': 'http://p1.so.qhmsg.com/t0143850ac615187626.jpg'}
2018-07-18 16:47:42 [scrapy.core.engine] DEBUG: Crawled (200) <GET http://p0.so.qhmsg.com/t01de438f023ee9652f.jpg> (referer: None)
2018-07-18 16:47:42 [scrapy.pipelines.files] DEBUG: File (downloaded): Downloaded file from <GET http://p0.so.qhmsg.com/t01de438f023ee9652f.jpg> referred in <None>
2018-07-18 16:47:42 [scrapy.core.scraper] DEBUG: Scraped from <200 http://image.so.com/zj?ch=beauty&listtype=new&temp=1&sn=30>
{'id': 'fbac0fdfbe17fbed2e712a9c6244cf7f',
 'img_paths': '/soft/demo/images360/images//短发少女户外唯美写真阳光迷人.jpg',
 'thumb': 'http://p0.so.qhmsg.com/sdr/238__/t01de438f023ee9652f.jpg',
 'title': '短发少女户外唯美写真阳光迷人',
 'url': 'http://p0.so.qhmsg.com/t01de438f023ee9652f.jpg'}
2018-07-18 16:47:42 [scrapy.core.engine] DEBUG: Crawled (200) <GET http://p3.so.qhmsg.com/t0149dd4f260f4352b8.jpg> (referer: None)
2018-07-18 16:47:42 [scrapy.pipelines.files] DEBUG: File (downloaded): Downloaded file from <GET http://p3.so.qhmsg.com/t0149dd4f260f4352b8.jpg> referred in <None>
2018-07-18 16:47:42 [scrapy.core.engine] DEBUG: Crawled (200) <GET http://p2.so.qhmsg.com/t01bdd06f97efeee277.jpg> (referer: None)
2018-07-18 16:47:42 [scrapy.pipelines.files] DEBUG: File (downloaded): Downloaded file from <GET http://p2.so.qhmsg.com/t01bdd06f97efeee277.jpg> referred in <None>
2018-07-18 16:47:42 [scrapy.core.engine] DEBUG: Crawled (200) <GET http://p4.so.qhmsg.com/t0108659585e5c6fd79.jpg> (referer: None)
2018-07-18 16:47:42 [scrapy.pipelines.files] DEBUG: File (downloaded): Downloaded file from <GET http://p4.so.qhmsg.com/t0108659585e5c6fd79.jpg> referred in <None>
2018-07-18 16:47:42 [scrapy.core.scraper] DEBUG: Scraped from <200 http://image.so.com/zj?ch=beauty&listtype=new&temp=1&sn=30>
{'id': 'f1844677a9a197d6ed3d7e3be9e9b21a',
 'img_paths': '/soft/demo/images360/images//白皙少女户外唯美写真.jpg',
 'thumb': 'http://p3.so.qhmsg.com/sdr/238__/t0149dd4f260f4352b8.jpg',
 'title': '白皙少女户外唯美写真',
 'url': 'http://p3.so.qhmsg.com/t0149dd4f260f4352b8.jpg'}
2018-07-18 16:47:42 [scrapy.core.scraper] DEBUG: Scraped from <200 http://image.so.com/zj?ch=beauty&listtype=new&temp=1&sn=30>
{'id': '5c2cdb7b5dd8f065dea0f32a5f509275',
 'img_paths': '/soft/demo/images360/images//白皙美女比基尼性感写真俏皮迷人.jpg',
 'thumb': 'http://p2.so.qhmsg.com/sdr/238__/t01bdd06f97efeee277.jpg',
 'title': '白皙美女比基尼性感写真俏皮迷人',
 'url': 'http://p2.so.qhmsg.com/t01bdd06f97efeee277.jpg'}
2018-07-18 16:47:42 [scrapy.core.scraper] DEBUG: Scraped from <200 http://image.so.com/zj?ch=beauty&listtype=new&temp=1&sn=30>
{'id': '3a85f1b031b48f204ebb61ae49d34f1c',
 'img_paths': '/soft/demo/images360/images//治愈系美女生活唯美写真悠然迷人.jpg',
 'thumb': 'http://p4.so.qhmsg.com/sdr/238__/t0108659585e5c6fd79.jpg',
 'title': '治愈系美女生活唯美写真悠然迷人',
 'url': 'http://p4.so.qhmsg.com/t0108659585e5c6fd79.jpg'}
2018-07-18 16:47:42 [scrapy.core.engine] DEBUG: Crawled (200) <GET http://p0.so.qhimgs1.com/t016a574a08f712d044.jpg> (referer: None)
2018-07-18 16:47:42 [scrapy.pipelines.files] DEBUG: File (downloaded): Downloaded file from <GET http://p0.so.qhimgs1.com/t016a574a08f712d044.jpg> referred in <None>
2018-07-18 16:47:42 [scrapy.core.scraper] DEBUG: Scraped from <200 http://image.so.com/zj?ch=beauty&listtype=new&temp=1&sn=30>
{'id': 'a592bc1334305b90fc8cce1dc582f05c',
 'img_paths': '/soft/demo/images360/images//清纯美女黑色短裙私房写真.jpg',
 'thumb': 'http://p0.so.qhimgs1.com/sdr/238__/t016a574a08f712d044.jpg',
 'title': '清纯美女黑色短裙私房写真',
 'url': 'http://p0.so.qhimgs1.com/t016a574a08f712d044.jpg'}
2018-07-18 16:47:43 [scrapy.core.engine] DEBUG: Crawled (200) <GET http://p2.so.qhimgs1.com/t010cdb2fc590380ba2.jpg> (referer: None)
2018-07-18 16:47:43 [scrapy.pipelines.files] DEBUG: File (downloaded): Downloaded file from <GET http://p2.so.qhimgs1.com/t010cdb2fc590380ba2.jpg> referred in <None>
2018-07-18 16:47:43 [scrapy.core.scraper] DEBUG: Scraped from <200 http://image.so.com/zj?ch=beauty&listtype=new&temp=1&sn=30>
{'id': '694189d3efb8d3a9c66748f0d87c6b9c',
 'img_paths': '/soft/demo/images360/images//双马尾美女私房性感写真恬静迷人.jpg',
 'thumb': 'http://p2.so.qhimgs1.com/sdr/238__/t010cdb2fc590380ba2.jpg',
 'title': '双马尾美女私房性感写真恬静迷人',
 'url': 'http://p2.so.qhimgs1.com/t010cdb2fc590380ba2.jpg'}
2018-07-18 16:47:44 [scrapy.core.engine] DEBUG: Crawled (200) <GET http://p3.so.qhimgs1.com/t01e1e3cf70675ccaf3.jpg> (referer: None)
2018-07-18 16:47:44 [scrapy.pipelines.files] DEBUG: File (downloaded): Downloaded file from <GET http://p3.so.qhimgs1.com/t01e1e3cf70675ccaf3.jpg> referred in <None>
2018-07-18 16:47:44 [scrapy.core.engine] DEBUG: Crawled (200) <GET http://p5.so.qhimgs1.com/t01d1534771c8ade97b.jpg> (referer: None)
2018-07-18 16:47:44 [scrapy.pipelines.files] DEBUG: File (downloaded): Downloaded file from <GET http://p5.so.qhimgs1.com/t01d1534771c8ade97b.jpg> referred in <None>
2018-07-18 16:47:44 [scrapy.core.scraper] DEBUG: Scraped from <200 http://image.so.com/zj?ch=beauty&listtype=new&temp=1&sn=30>
{'id': 'd314cfbe43d829873e4d523d3be33eed',
 'img_paths': '/soft/demo/images360/images//白皙美女户外唯美写真仙气十足.jpg',
 'thumb': 'http://p3.so.qhimgs1.com/sdr/238__/t01e1e3cf70675ccaf3.jpg',
 'title': '白皙美女户外唯美写真仙气十足',
 'url': 'http://p3.so.qhimgs1.com/t01e1e3cf70675ccaf3.jpg'}
2018-07-18 16:47:44 [scrapy.core.scraper] DEBUG: Scraped from <200 http://image.so.com/zj?ch=beauty&listtype=new&temp=1&sn=30>
{'id': '140e239ed43b7423025f01f5c45ed395',
 'img_paths': '/soft/demo/images360/images//长发美女清纯写真笑颜迷人.jpg',
 'thumb': 'http://p5.so.qhimgs1.com/sdr/238__/t01d1534771c8ade97b.jpg',
 'title': '长发美女清纯写真笑颜迷人',
 'url': 'http://p5.so.qhimgs1.com/t01d1534771c8ade97b.jpg'}
2018-07-18 16:47:44 [scrapy.core.engine] DEBUG: Crawled (200) <GET http://p2.so.qhimgs1.com/t0108dc82794264fe32.jpg> (referer: None)
2018-07-18 16:47:44 [scrapy.pipelines.files] DEBUG: File (downloaded): Downloaded file from <GET http://p2.so.qhimgs1.com/t0108dc82794264fe32.jpg> referred in <None>
2018-07-18 16:47:44 [scrapy.core.scraper] DEBUG: Scraped from <200 http://image.so.com/zj?ch=beauty&listtype=new&temp=1&sn=30>
{'id': '3125c84c138f1d31096f620c29b94512',
 'img_paths': '/soft/demo/images360/images//美女萝莉铁路制服写真清纯动人.jpg',
 'thumb': 'http://p2.so.qhimgs1.com/sdr/238__/t0108dc82794264fe32.jpg',
 'title': '美女萝莉铁路制服写真清纯动人',
 'url': 'http://p2.so.qhimgs1.com/t0108dc82794264fe32.jpg'}
2018-07-18 16:47:45 [scrapy.core.engine] DEBUG: Crawled (200) <GET http://p5.so.qhimgs1.com/t01fcf595b2562257db.jpg> (referer: None)
2018-07-18 16:47:45 [scrapy.pipelines.files] DEBUG: File (downloaded): Downloaded file from <GET http://p5.so.qhimgs1.com/t01fcf595b2562257db.jpg> referred in <None>
2018-07-18 16:47:45 [scrapy.core.scraper] DEBUG: Scraped from <200 http://image.so.com/zj?ch=beauty&listtype=new&temp=1&sn=30>
{'id': '05253e3f87ff8979d4f433c393fa93e3',
 'img_paths': '/soft/demo/images360/images//长发美女户外唯美写真气质迷人.jpg',
 'thumb': 'http://p5.so.qhimgs1.com/sdr/238__/t01fcf595b2562257db.jpg',
 'title': '长发美女户外唯美写真气质迷人',
 'url': 'http://p5.so.qhimgs1.com/t01fcf595b2562257db.jpg'}
2018-07-18 16:47:46 [scrapy.core.engine] DEBUG: Crawled (200) <GET http://image.so.com/zj?ch=beauty&listtype=new&temp=1&sn=60> (referer: None)
2018-07-18 16:47:46 [stdout] INFO: 正在爬取
2018-07-18 16:47:46 [stdout] INFO: http://image.so.com/zj?ch=beauty&listtype=new&temp=1&sn=60
2018-07-18 16:47:46 [stdout] INFO: 运行到了。。。
2018-07-18 16:47:46 [stdout] INFO: 运行到了。。。
2018-07-18 16:47:46 [stdout] INFO: 运行到了。。。
2018-07-18 16:47:46 [stdout] INFO: 运行到了。。。
2018-07-18 16:47:46 [stdout] INFO: 运行到了。。。
2018-07-18 16:47:46 [stdout] INFO: 运行到了。。。
2018-07-18 16:47:46 [stdout] INFO: 运行到了。。。
2018-07-18 16:47:46 [stdout] INFO: 运行到了。。。
2018-07-18 16:47:46 [stdout] INFO: 运行到了。。。
2018-07-18 16:47:46 [stdout] INFO: 运行到了。。。
2018-07-18 16:47:46 [stdout] INFO: 运行到了。。。
2018-07-18 16:47:46 [stdout] INFO: 运行到了。。。
2018-07-18 16:47:46 [stdout] INFO: 运行到了。。。
2018-07-18 16:47:46 [stdout] INFO: 运行到了。。。
2018-07-18 16:47:46 [stdout] INFO: 运行到了。。。
2018-07-18 16:47:46 [stdout] INFO: 运行到了。。。
2018-07-18 16:47:46 [stdout] INFO: 运行到了。。。
2018-07-18 16:47:46 [stdout] INFO: 运行到了。。。
2018-07-18 16:47:46 [stdout] INFO: 运行到了。。。
2018-07-18 16:47:46 [stdout] INFO: 运行到了。。。
2018-07-18 16:47:46 [stdout] INFO: 运行到了。。。
2018-07-18 16:47:46 [stdout] INFO: 运行到了。。。
2018-07-18 16:47:46 [stdout] INFO: 运行到了。。。
2018-07-18 16:47:46 [stdout] INFO: 运行到了。。。
2018-07-18 16:47:46 [stdout] INFO: 运行到了。。。
2018-07-18 16:47:46 [stdout] INFO: 运行到了。。。
2018-07-18 16:47:46 [stdout] INFO: 运行到了。。。
2018-07-18 16:47:46 [stdout] INFO: 运行到了。。。
2018-07-18 16:47:46 [stdout] INFO: 运行到了。。。
2018-07-18 16:47:46 [stdout] INFO: 运行到了。。。
2018-07-18 16:47:47 [scrapy.core.engine] DEBUG: Crawled (200) <GET http://p1.so.qhmsg.com/t014a03227f1c992296.jpg> (referer: None)
2018-07-18 16:47:47 [scrapy.pipelines.files] DEBUG: File (downloaded): Downloaded file from <GET http://p1.so.qhmsg.com/t014a03227f1c992296.jpg> referred in <None>
2018-07-18 16:47:47 [scrapy.core.engine] DEBUG: Crawled (200) <GET http://p2.so.qhmsg.com/t013bfdb724ccde6227.jpg> (referer: None)
2018-07-18 16:47:47 [s